2012-12-11T14:43:39+00:00 heroku[run.1395]: Client connection closed. Sending SIGHUP to all processes
2012-12-11T14:43:40+00:00 heroku[run.1395]: Process exited with status 0
2012-12-11T14:43:40+00:00 heroku[run.1395]: State changed from up to complete
2012-12-11T14:43:53+00:00 heroku[api]: Starting process with command `bundle exec rails console` by kris.kolev@gmail.com
2012-12-11T14:43:56+00:00 heroku[run.5550]: Awaiting client
2012-12-11T14:43:56+00:00 heroku[run.5550]: Starting process with command `bundle exec rails console`
2012-12-11T14:44:40+00:00 heroku[run.5550]: Client connection closed. Sending SIGHUP to all processes
2012-12-11T14:44:41+00:00 heroku[run.5550]: Process exited with status 0
2012-12-11T14:44:41+00:00 heroku[run.5550]: State changed from up to complete
2012-12-11T14:44:52+00:00 app[web.1]:   Rendered layouts/_header.html.erb (1.0ms)
2012-12-11T14:44:52+00:00 app[web.1]:     10:             <li><%= link_to "Users", '#' %></li>
2012-12-11T14:44:52+00:00 app[web.1]:   Rendered static_pages/home.html.erb within layouts/application (0.4ms)
2012-12-11T14:44:52+00:00 app[web.1]: Started GET "/" for 81.28.88.126 at 2012-12-11 14:44:52 +0000
2012-12-11T14:44:52+00:00 app[web.1]:   Rendered layouts/_shim.html.erb (0.0ms)
2012-12-11T14:44:52+00:00 app[web.1]: Completed 500 Internal Server Error in 3ms
2012-12-11T14:44:52+00:00 app[web.1]: ActionView::Template::Error (undefined method `find_by_remember_token' for #<Class:0x000000046e7108>):
2012-12-11T14:44:52+00:00 app[web.1]:     11:             <li id="fat-menu" class="dropdown">
2012-12-11T14:44:52+00:00 app[web.1]: Processing by StaticPagesController#home as HTML
2012-12-11T14:44:52+00:00 app[web.1]:     6:         <ul class="nav pull-right">
2012-12-11T14:44:52+00:00 app[web.1]: 
2012-12-11T14:44:52+00:00 app[web.1]:     9:           <% if signed_in? %>
2012-12-11T14:44:52+00:00 app[web.1]:   app/helpers/sessions_helper.rb:16:in `current_user'
2012-12-11T14:44:52+00:00 app[web.1]:     8:           <li><%= link_to "Help", help_path %></li>
2012-12-11T14:44:52+00:00 app[web.1]:   app/views/layouts/_header.html.erb:9:in `_app_views_layouts__header_html_erb__3759143744734383558_36816500'
2012-12-11T14:44:52+00:00 app[web.1]:   app/views/layouts/application.html.erb:11:in `_app_views_layouts_application_html_erb___437513151604670183_40835280'
2012-12-11T14:44:52+00:00 app[web.1]: 
2012-12-11T14:44:52+00:00 app[web.1]: 
2012-12-11T14:44:52+00:00 app[web.1]:     7:           <li><%= link_to "Home", root_path %></li>
2012-12-11T14:44:52+00:00 app[web.1]:     12:               <a href="#" class="dropdown-toggle" data-toggle="dropdown">
2012-12-11T14:44:52+00:00 app[web.1]:   app/helpers/sessions_helper.rb:8:in `signed_in?'
2012-12-11T14:45:49+00:00 app[web.1]:   Rendered layouts/_shim.html.erb (0.0ms)
2012-12-11T14:45:49+00:00 app[web.1]:   Rendered static_pages/home.html.erb within layouts/application (0.4ms)
2012-12-11T14:45:49+00:00 app[web.1]:   Rendered layouts/_header.html.erb (0.9ms)
2012-12-11T14:45:49+00:00 app[web.1]:     6:         <ul class="n
av pull-right">
2012-12-11T14:45:49+00:00 app[web.1]:     11:             <li id="fat-menu" class="dropdown">
2012-12-11T14:45:49+00:00 app[web.1]:     7:           <li><%= link_to "Home", root_path %></li>
2012-12-11T14:45:49+00:00 app[web.1]: Completed 500 Internal Server Error in 3ms
2012-12-11T14:45:49+00:00 app[web.1]:     9:           <% if signed_in? %>
2012-12-11T14:45:49+00:00 app[web.1]:     10:             <li><%= link_to "Users", '#' %></li>
2012-12-11T14:45:49+00:00 app[web.1]:   app/helpers/sessions_helper.rb:16:in `current_user'
2012-12-11T14:45:49+00:00 app[web.1]:   app/helpers/sessions_helper.rb:8:in `signed_in?'
2012-12-11T14:45:49+00:00 app[web.1]: 
2012-12-11T14:45:49+00:00 app[web.1]: 
2012-12-11T14:45:49+00:00 app[web.1]: ActionView::Template::Error (undefined method `find_by_remember_token' for #<Class:0x000000046e7108>):
2012-12-11T14:45:49+00:00 app[web.1]:     8:           <li><%= link_to "Help", help_path %></li>
2012-12-11T14:45:49+00:00 app[web.1]: 
2012-12-11T14:45:49+00:00 app[web.1]:     12:               <a href="#" class="dropdown-toggle" data-toggle="dropdown">
2012-12-11T14:45:49+00:00 app[web.1]:   app/views/layouts/application.html.erb:11:in `_app_views_layouts_application_html_erb___437513151604670183_40835280'
2012-12-11T14:45:49+00:00 app[web.1]: Started GET "/" for 81.28.88.126 at 2012-12-11 14:45:49 +0000
2012-12-11T14:45:49+00:00 app[web.1]: Processing by StaticPagesController#home as HTML
2012-12-11T14:45:49+00:00 app[web.1]:   app/views/layouts/_header.html.erb:9:in `_app_views_layouts__header_html_erb__3759143744734383558_36816500'
2012-12-11T14:45:49+00:00 heroku[router]: at=info method=GET path=/ host=secure-fortress-9269.herokuapp.com fwd=81.28.88.126 dyno=web.1 queue=0 wait=0ms connect=2ms service=17ms status=500 bytes=643
2012-12-11T14:52:49+00:00 heroku[api]: Starting process with command `bundle exec rake db:migrate` by kris.kolev@gmail.com
2012-12-11T14:52:52+00:00 heroku[run.9185]: Starting process with command `bundle exec rake db:migrate`
2012-12-11T14:52:52+00:00 heroku[run.9185]: Awaiting client
2012-12-11T14:52:53+00:00 heroku[run.9185]: State changed from starting to up
2012-12-11T14:52:58+00:00 heroku[run.9185]: Client connection closed. Sending SIGHUP to all processes
2012-12-11T14:52:59+00:00 heroku[run.9185]: Process exited with status 0
2012-12-11T14:52:59+00:00 heroku[run.9185]: State changed from up to complete
2012-12-11T14:53:26+00:00 heroku[api]: Starting process with command `bundle exec rails console` by kris.kolev@gmail.com
2012-12-11T14:53:29+00:00 heroku[run.8553]: Awaiting client
2012-12-11T14:53:29+00:00 heroku[run.8553]: Starting process with command `bundle exec rails console`
2012-12-11T14:53:30+00:00 heroku[run.8553]: State changed from starting to up
2012-12-11T14:54:09+00:00 heroku[run.8553]: Client connection closed. Sending SIGHUP to all processes
2012-12-11T14:54:09+00:00 heroku[run.8553]: State changed from up to complete
2012-12-11T14:54:10+00:00 heroku[run.8553]: Process exited with status 0
2012-12-11T14:54:22+00:00 app[web.1]:     7:           <li><%= link_to "Home", root_path %></li>
2012-12-11T14:54:22+00:00 app[web.1]:   app/helpers/sessions_helper.rb:8:in `signed_in?'
2012-12-11T14:54:22+00:00 app[web.1]:     12:               <a href="#" class="dropdown-toggle" data-toggle="dropdown">
2012-12-11T14:54:22+00:00 app[web.1]: Completed 500 Internal Server Error in 3ms
2012-12-11T14:54:22+00:00 app[web.1]:     8:           <li><%= link_to "Help", help_path %></li>
2012-12-11T14:54:22+00:00 heroku[router]: at=info method=GET path=/ host=secure-fortress-9269.herokuapp.com fwd=81.28.88.126 dyno=web.1 queue=0 wait=1ms connect=8ms service=16ms status=500 bytes=643
2012-12-11T14:54:22+00:00 app[web.1]: Processing by StaticPagesController#home as HTML
2012-12-11T14:54:22+00:00 app[web.1]: 
2012-12-11T14:54:22+00:00 app[web.1]:     9:           <% if signed_in? %>
2012-12-11T14:54:22+00:00 app[web.1]: 
2012-12-11T14:54:22+00:00 app[web.1]:   Rendered static_pages/home.html.erb within layouts/application (0.4ms)
2012-12-11T14:54:22+00:00 app[web.1]:   app/views/layouts/application.html.erb:11:in `_app_views_layouts_application_html_erb___437513151604670183_40835280'
2012-12-11T14:54:22+00:00 app[web.1]: Started GET "/" for 81.28.88.126 at 2012-12-11 14:54:22 +0000
2012-12-11T14:54:22+00:00 app[web.1]: 
2012-12-11T14:54:22+00:00 app[web.1]:   app/helpers/sessions_helper.rb:16:in `current_user'
2012-12-11T14:54:22+00:00 app[web.1]:     10:             <li><%= link_to "Users", '#' %></li>
2012-12-11T14:54:22+00:00 app[web.1]:   app/views/layouts/_header.html.erb:9:in `_app_views_layouts__header_html_erb__3759143744734383558_36816500'
2012-12-11T14:54:22+00:00 app[web.1]:   Rendered layouts/_header.html.erb (0.9ms)
2012-12-11T14:54:22+00:00 app[web.1]:     6:         <ul class="nav pull-right">
2012-12-11T14:54:22+00:00 app[web.1]:     11:             <li id="fat-menu" class="dropdown">
2012-12-11T14:54:22+00:00 app[web.1]:   Rendered layouts/_shim.html.erb (0.0ms)
2012-12-11T14:54:22+00:00 app[web.1]: ActionView::Template::Error (undefined method `find_by_remember_token' for #<Class:0x000000046e7108>):
2012-12-11T14:55:59+00:00 heroku[api]: Starting process with command `bundle exec rake db:migrate` by kris.kolev@gmail.com
2012-12-11T14:56:07+00:00 heroku[run.6982]: Starting process with command `bundle exec rake db:migrate`
2012-12-11T14:56:07+00:00 heroku[run.6982]: Awaiting client
2012-12-11T14:56:07+00:00 heroku[run.6982]: State changed from starting to up
2012-12-11T14:56:22+00:00 heroku[run.6982]: State changed from up to complete
2012-12-11T14:56:22+00:00 heroku[run.6982]: Process exited with status 0
2012-12-11T14:56:54+00:00 heroku[api]: Starting process with command `bundle exec rails console` by kris.kolev@gmail.com
2012-12-11T14:56:59+00:00 heroku[run.8926]: Awaiting client
2012-12-11T14:56:59+00:00 heroku[run.8926]: Starting process with command `bundle exec rails console`
2012-12-11T14:57:00+00:00 heroku[run.8926]: State changed from starting to up
2012-12-11T14:58:26+00:00 heroku[run.8926]: State changed from up to complete
2012-12-11T14:58:24+00:00 heroku[run.8926]: Client connection closed. Sending SIGHUP to all processes
2012-12-11T14:58:26+00:00 heroku[run.8926]: Process exited with status 0
